Arguments: 
  C:\Program Files\nodejs\node.exe C:\Users\Lexter\AppData\Roaming\npm\node_modules\yarn\bin\yarn.js add babel-parser

PATH: 
  C:\Program Files (x86)\VMware\VMware Workstation\bin\;C:\Windows\system32;C:\Windows;C:\Windows\System32\Wbem;C:\Windows\System32\WindowsPowerShell\v1.0\;C:\Windows\System32\OpenSSH\;C:\Program Files\NVIDIA Corporation\NVIDIA NvDLISR;C:\Program Files (x86)\NVIDIA Corporation\PhysX\Common;C:\Program Files\Go\bin;C:\Program Files\Git\cmd;C:\cygwin64\bin;C:\Program Files\nodejs\;C:\Ruby31-x64\bin;C:\Users\Lexter\AppData\Local\Microsoft\WindowsApps;;C:\Users\Lexter\AppData\Local\Programs\Microsoft VS Code\bin;C:\Users\Lexter\go\bin;C:\Users\Lexter\AppData\Roaming\npm;C:\Program Files\JetBrains\GoLand 2022.2.5\bin;;C:\Program Files (x86)\Nmap

Yarn version: 
  1.22.19

Node version: 
  18.12.1

Platform: 
  win32 x64

Trace: 
  Error: https://registry.yarnpkg.com/babel-parser: Not found
      at params.callback [as _callback] (C:\Users\Lexter\AppData\Roaming\npm\node_modules\yarn\lib\cli.js:66145:18)
      at self.callback (C:\Users\Lexter\AppData\Roaming\npm\node_modules\yarn\lib\cli.js:140890:22)
      at Request.emit (node:events:513:28)
      at Request.<anonymous> (C:\Users\Lexter\AppData\Roaming\npm\node_modules\yarn\lib\cli.js:141862:10)
      at Request.emit (node:events:513:28)
      at IncomingMessage.<anonymous> (C:\Users\Lexter\AppData\Roaming\npm\node_modules\yarn\lib\cli.js:141784:12)
      at Object.onceWrapper (node:events:627:28)
      at IncomingMessage.emit (node:events:525:35)
      at endReadableNT (node:internal/streams/readable:1359:12)
      at process.processTicksAndRejections (node:internal/process/task_queues:82:21)

npm manifest: 
  {
    "dependencies": {
      "babel": "^6.23.0",
      "babel-core": "^4.7.16"
    }
  }

yarn manifest: 
  No manifest

Lockfile: 
  # THIS IS AN AUTOGENERATED FILE. DO NOT EDIT THIS FILE DIRECTLY.
  # yarn lockfile v1
  
  
  acorn-babel@0.11.1-38:
    version "0.11.1-38"
    resolved "https://registry.yarnpkg.com/acorn-babel/-/acorn-babel-0.11.1-38.tgz#6cf7b0c0791a11a05ef6020bf06ef34b30086768"
    integrity sha512-lsXiveYSiYLMo9flCOZRtfW/txWHGLvrqvpQ/aVIHmwxSFXagy94crhyAmSJ1qttKmSuPU9SmmIFJqdbr3nS0Q==
  
  acorn@^5.2.1:
    version "5.7.4"
    resolved "https://registry.yarnpkg.com/acorn/-/acorn-5.7.4.tgz#3e8d8a9947d0599a1796d10225d7432f4a4acf5e"
    integrity sha512-1D++VG7BhrtvQpNbBzovKNc1FLGGEE/oGe7b9xJm/RFHMBeUaUGpluV9RLjZa47YFdPcDAenEYuq9pQPcMdLJg==
  
  amdefine@>=0.0.4:
    version "1.0.1"
    resolved "https://registry.yarnpkg.com/amdefine/-/amdefine-1.0.1.tgz#4a5282ac164729e93619bcfd3ad151f817ce91f5"
    integrity sha512-S2Hw0TtNkMJhIabBwIojKL9YHO5T0n5eNqWJ7Lrlel/zDbftQpxpapi8tZs3X1HWa+u+QeydGmzzNU0m09+Rcg==
  
  ansi-regex@^2.0.0:
    version "2.1.1"
    resolved "https://registry.yarnpkg.com/ansi-regex/-/ansi-regex-2.1.1.tgz#c3b33ab5ee360d86e0e628f0468ae7ef27d654df"
    integrity sha512-TIGnTpdo+E3+pCyAluZvtED5p5wCqLdezCyhPZzKPcxvFplEt4i+W7OONCKgeZFT3+y5NZZfOOS/Bdcanm1MYA==
  
  ansi-styles@^2.2.1:
    version "2.2.1"
    resolved "https://registry.yarnpkg.com/ansi-styles/-/ansi-styles-2.2.1.tgz#b432dd3358b634cf75e1e4664368240533c1ddbe"
    integrity sha512-kmCevFghRiWM7HB5zTPULl4r9bVFSWjz62MhqizDGUrq2NWuNMQyuv4tHHoKJHs69M/MF64lEcHdYIocrdWQYA==
  
  ast-types@0.8.15:
    version "0.8.15"
    resolved "https://registry.yarnpkg.com/ast-types/-/ast-types-0.8.15.tgz#8eef0827f04dff0ec8857ba925abe3fea6194e52"
    integrity sha512-8WsusRFHT6D2CpPTCLLLeIp4dN4pMEgmVX/jaSBsbMFObktStNdGOE1ZW4x8V/RABr1VtqruQgpabZyvzrrrww==
  
  ast-types@0.9.6:
    version "0.9.6"
    resolved "https://registry.yarnpkg.com/ast-types/-/ast-types-0.9.6.tgz#102c9e9e9005d3e7e3829bf0c4fa24ee862ee9b9"
    integrity sha512-qEdtR2UH78yyHX/AUNfXmJTlM48XoFZKBdwi1nzkI1mJL21cmbu0cvjxjpkXJ5NENMq42H+hNs8VLJcqXLerBQ==
  
  ast-types@~0.7.0:
    version "0.7.8"
    resolved "https://registry.yarnpkg.com/ast-types/-/ast-types-0.7.8.tgz#902d2e0d60d071bdcd46dc115e1809ed11c138a9"
    integrity sha512-RIOpVnVlltB6PcBJ5BMLx+H+6JJ/zjDGU0t7f0L6c2M1dqcK92VQopLBlPQ9R80AVXelfqYgjcPLtHtDbNFg0Q==
  
  babel-core@^4.7.16:
    version "4.7.16"
    resolved "https://registry.yarnpkg.com/babel-core/-/babel-core-4.7.16.tgz#bd006f1011b0767f4df35f83c28e7ea761f0ef8d"
    integrity sha512-5hqGMIR3OyeSBCVHfgAG/4orbv83tDncIvQke7ZBYrJkVhydEraUNTgvj8r0cIDSJqIRJPFqp6DqGkyCi8Pwzg==
    dependencies:
      acorn-babel "0.11.1-38"
      ast-types "~0.7.0"
      chalk "^1.0.0"
      commander "^2.6.0"
      convert-source-map "^0.5.0"
      core-js "^0.6.1"
      debug "^2.1.1"
      detect-indent "^3.0.0"
      estraverse "^1.9.1"
      esutils "^1.1.6"
      fs-readdir-recursive "^0.1.0"
      globals "^6.2.0"
      is-integer "^1.0.4"
      js-tokens "1.0.0"
      leven "^1.0.1"
      line-numbers "0.2.0"
      lodash "^3.2.0"
      output-file-sync "^1.1.0"
      path-is-absolute "^1.0.0"
      private "^0.1.6"
      regenerator-babel "0.8.13-2"
      regexpu "^1.1.2"
      repeating "^1.1.2"
      shebang-regex "^1.0.0"
      slash "^1.0.0"
      source-map "^0.4.0"
      source-map-support "^0.2.9"
      to-fast-properties "^1.0.0"
      trim-right "^1.0.0"
  
  babel@^6.23.0:
    version "6.23.0"
    resolved "https://registry.yarnpkg.com/babel/-/babel-6.23.0.tgz#d0d1e7d803e974765beea3232d4e153c0efb90f4"
    integrity sha512-ZDcCaI8Vlct8PJ3DvmyqUz+5X2Ylz3ZuuItBe/74yXosk2dwyVo/aN7MCJ8HJzhnnJ+6yP4o+lDgG9MBe91DLA==
  
  balanced-match@^1.0.0:
    version "1.0.2"
    resolved "https://registry.yarnpkg.com/balanced-match/-/balanced-match-1.0.2.tgz#e83e3a7e3f300b34cb9d87f615fa0cbf357690ee"
    integrity sha512-3oSeUO0TMV67hN1AmbXsK4yaqU7tjiHlbxRDZOpH0KW9+CeX4bRAaX0Anxt0tx2MrpRpWwQaPwIlISEJhYU5Pw==
  
  brace-expansion@^1.1.7:
    version "1.1.11"
    resolved "https://registry.yarnpkg.com/brace-expansion/-/brace-expansion-1.1.11.tgz#3c7fcbf529d87226f3d2f52b966ff5271eb441dd"
    integrity sha512-iCuPHDFgrHX7H2vEI/5xpz07zSHB00TpugqhmYtVmMO6518mCuRMoOYFldEBl0g187ufozdaHgWKcYFb61qGiA==
    dependencies:
      balanced-match "^1.0.0"
      concat-map "0.0.1"
  
  chalk@^1.0.0:
    version "1.1.3"
    resolved "https://registry.yarnpkg.com/chalk/-/chalk-1.1.3.tgz#a8115c55e4a702fe4d150abd3872822a7e09fc98"
    integrity sha512-U3lRVLMSlsCfjqYPbLyVv11M9CPW4I728d6TCKMAOJueEeB9/8o+eSsMnxPJD+Q+K909sdESg7C+tIkoH6on1A==
    dependencies:
      ansi-styles "^2.2.1"
      escape-string-regexp "^1.0.2"
      has-ansi "^2.0.0"
      strip-ansi "^3.0.0"
      supports-color "^2.0.0"
  
  commander@^2.5.0, commander@^2.6.0:
    version "2.20.3"
    resolved "https://registry.yarnpkg.com/commander/-/commander-2.20.3.tgz#fd485e84c03eb4881c20722ba48035e8531aeb33"
    integrity sha512-GpVkmM8vF2vQUkj2LvZmD35JxeJOLCwJ9cUkugyk2nuhbv3+mJvpLYYt+0+USMxE+oj+ey/lJEnhZw75x/OMcQ==
  
  commoner@~0.10.0:
    version "0.10.8"
    resolved "https://registry.yarnpkg.com/commoner/-/commoner-0.10.8.tgz#34fc3672cd24393e8bb47e70caa0293811f4f2c5"
    integrity sha512-3/qHkNMM6o/KGXHITA14y78PcfmXh4+AOCJpSoF73h4VY1JpdGv3CHMS5+JW6SwLhfJt4RhNmLAa7+RRX/62EQ==
    dependencies:
      commander "^2.5.0"
      detective "^4.3.1"
      glob "^5.0.15"
      graceful-fs "^4.1.2"
      iconv-lite "^0.4.5"
      mkdirp "^0.5.0"
      private "^0.1.6"
      q "^1.1.2"
      recast "^0.11.17"
  
  concat-map@0.0.1:
    version "0.0.1"
    resolved "https://registry.yarnpkg.com/concat-map/-/concat-map-0.0.1.tgz#d8a96bd77fd68df7793a73036a3ba0d5405d477b"
    integrity sha512-/Srv4dswyQNBfohGpz9o6Yb3Gz3SrUDqBH5rTuhGR7ahtlbYKnVxw2bCFMRljaA7EXHaXZ8wsHdodFvbkhKmqg==
  
  convert-source-map@^0.5.0:
    version "0.5.1"
    resolved "https://registry.yarnpkg.com/convert-source-map/-/convert-source-map-0.5.1.tgz#beb80f3b22de05fd4591410f494bcebe634a057e"
    integrity sha512-Iy5Wc88cL36uxzlUog0yy4LHumGb5NAyGxgXn2ec9YAcN5qka4wcOK7I5PRLBOarS8nmZd9WfvnLItF70QLtfQ==
  
  core-js@^0.6.1:
    version "0.6.1"
    resolved "https://registry.yarnpkg.com/core-js/-/core-js-0.6.1.tgz#1b4970873e8101bf8c435af095faa9024f4b9b58"
    integrity sha512-ANdRS9QdyvvVCqMD7gvDhgI5T+/t5FELQB1ZLN94oCDXTJLwt4Q1o6Nbc1wnVrhl6QPyJ5mv0k8hMCdAFLNbLg==
  
  debug@^2.1.1:
    version "2.6.9"
    resolved "https://registry.yarnpkg.com/debug/-/debug-2.6.9.tgz#5d128515df134ff327e90a4c93f4e077a536341f"
    integrity sha512-bC7ElrdJaJnPbAP+1EotYvqZsb3ecl5wi6Bfi6BJTUcNowp6cvspg0jXznRTKDjm/E7AdgFBVeAPVMNcKGsHMA==
    dependencies:
      ms "2.0.0"
  
  defined@^1.0.0:
    version "1.0.1"
    resolved "https://registry.yarnpkg.com/defined/-/defined-1.0.1.tgz#c0b9db27bfaffd95d6f61399419b893df0f91ebf"
    integrity sha512-hsBd2qSVCRE+5PmNdHt1uzyrFu5d3RwmFDKzyNZMFq/EwDNJF7Ee5+D5oEKF0hU6LhtoUF1macFvOe4AskQC1Q==
  
  detect-indent@^3.0.0:
    version "3.0.1"
    resolved "https://registry.yarnpkg.com/detect-indent/-/detect-indent-3.0.1.tgz#9dc5e5ddbceef8325764b9451b02bc6d54084f75"
    integrity sha512-xo3WP66SNbr1Eim85s/qyH0ZL8PQUwp86HWm0S1l8WnJ/zjT6T3w1nwNA0yOZeuvOemupEYvpvF6BIdYRuERJQ==
    dependencies:
      get-stdin "^4.0.1"
      minimist "^1.1.0"
      repeating "^1.1.0"
  
  detective@^4.3.1:
    version "4.7.1"
    resolved "https://registry.yarnpkg.com/detective/-/detective-4.7.1.tgz#0eca7314338442febb6d65da54c10bb1c82b246e"
    integrity sha512-H6PmeeUcZloWtdt4DAkFyzFL94arpHr3NOwwmVILFiy+9Qd4JTxxXrzfyGk/lmct2qVGBwTSwSXagqu2BxmWig==
    dependencies:
      acorn "^5.2.1"
      defined "^1.0.0"
  
  escape-string-regexp@^1.0.2:
    version "1.0.5"
    resolved "https://registry.yarnpkg.com/escape-string-regexp/-/escape-string-regexp-1.0.5.tgz#1b61c0562190a8dff6ae3bb2cf0200ca130b86d4"
    integrity sha512-vbRorB5FUQWvla16U8R/qgaFIya2qGzwDrNmCZuYKrbdSUMG6I1ZCGQRefkRVhuOkIGVne7BQ35DSfo1qvJqFg==
  
  esprima-fb@~15001.1001.0-dev-harmony-fb:
    version "15001.1001.0-dev-harmony-fb"
    resolved "https://registry.yarnpkg.com/esprima-fb/-/esprima-fb-15001.1001.0-dev-harmony-fb.tgz#43beb57ec26e8cf237d3dd8b33e42533577f2659"
    integrity sha512-m7OsYzocA8OQ3+9CxmhIv7NPHtyDR2ixaLCO7kLZ+YH+xQ/BpaZmll9EXmc+kBxzWA8BRBXbNEuEQqQ6vfsgDw==
  
  esprima@^2.6.0:
    version "2.7.3"
    resolved "https://registry.yarnpkg.com/esprima/-/esprima-2.7.3.tgz#96e3b70d5779f6ad49cd032673d1c312767ba581"
    integrity sha512-OarPfz0lFCiW4/AV2Oy1Rp9qu0iusTKqykwTspGCZtPxmF81JR4MmIebvF1F9+UOKth2ZubLQ4XGGaU+hSn99A==
  
  esprima@~3.1.0:
    version "3.1.3"
    resolved "https://registry.yarnpkg.com/esprima/-/esprima-3.1.3.tgz#fdca51cee6133895e3c88d535ce49dbff62a4633"
    integrity sha512-AWwVMNxwhN8+NIPQzAQZCm7RkLC4RbM3B1OobMuyp3i+w73X57KCKaVIxaRZb+DYCojq7rspo+fmuQfAboyhFg==
  
  estraverse@^1.9.1:
    version "1.9.3"
    resolved "https://registry.yarnpkg.com/estraverse/-/estraverse-1.9.3.tgz#af67f2dc922582415950926091a4005d29c9bb44"
    integrity sha512-25w1fMXQrGdoquWnScXZGckOv+Wes+JDnuN/+7ex3SauFRS72r2lFDec0EKPt2YD1wUJ/IrfEex+9yp4hfSOJA==
  
  esutils@^1.1.6:
    version "1.1.6"
    resolved "https://registry.yarnpkg.com/esutils/-/esutils-1.1.6.tgz#c01ccaa9ae4b897c6d0c3e210ae52f3c7a844375"
    integrity sha512-RG1ZkUT7iFJG9LSHr7KDuuMSlujfeTtMNIcInURxKAxhMtwQhI3NrQhz26gZQYlsYZQKzsnwtpKrFKj9K9Qu1A==
  
  fs-readdir-recursive@^0.1.0:
    version "0.1.2"
    resolved "https://registry.yarnpkg.com/fs-readdir-recursive/-/fs-readdir-recursive-0.1.2.tgz#315b4fb8c1ca5b8c47defef319d073dad3568059"
    integrity sha512-//yfxmYAazrsyb/rgeYDNFXFTuPYTGYirp5QHFSH8h/LaNUoP5bQAa2ikstdK1PR/bFd1CIlQLpUq6/u6UVfSw==
  
  get-stdin@^4.0.1:
    version "4.0.1"
    resolved "https://registry.yarnpkg.com/get-stdin/-/get-stdin-4.0.1.tgz#b968c6b0a04384324902e8bf1a5df32579a450fe"
    integrity sha512-F5aQMywwJ2n85s4hJPTT9RPxGmubonuB10MNYo17/xph174n2MIR33HRguhzVag10O/npM7SPk73LMZNP+FaWw==
  
  glob@^5.0.15:
    version "5.0.15"
    resolved "https://registry.yarnpkg.com/glob/-/glob-5.0.15.tgz#1bc936b9e02f4a603fcc222ecf7633d30b8b93b1"
    integrity sha512-c9IPMazfRITpmAAKi22dK1VKxGDX9ehhqfABDriL/lzO92xcUKEJPQHrVA/2YHSNFB4iFlykVmWvwo48nr3OxA==
    dependencies:
      inflight "^1.0.4"
      inherits "2"
      minimatch "2 || 3"
      once "^1.3.0"
      path-is-absolute "^1.0.0"
  
  globals@^6.2.0:
    version "6.4.1"
    resolved "https://registry.yarnpkg.com/globals/-/globals-6.4.1.tgz#8498032b3b6d1cc81eebc5f79690d8fe29fabf4f"
    integrity sha512-Lh7H0bYRNBMc2CapY+TYsCzcSM4HWHGFoQORuEcePk3y3IhpaZmFSJDirhNYSwq8QeHvaCqV/tHI2bdUhYryuw==
  
  graceful-fs@^4.1.2, graceful-fs@^4.1.4:
    version "4.2.10"
    resolved "https://registry.yarnpkg.com/graceful-fs/-/graceful-fs-4.2.10.tgz#147d3a006da4ca3ce14728c7aefc287c367d7a6c"
    integrity sha512-9ByhssR2fPVsNZj478qUUbKfmL0+t5BDVyjShtyZZLiK7ZDAArFFfopyOTj0M05wE2tJPisA4iTnnXl2YoPvOA==
  
  has-ansi@^2.0.0:
    version "2.0.0"
    resolved "https://registry.yarnpkg.com/has-ansi/-/has-ansi-2.0.0.tgz#34f5049ce1ecdf2b0649af3ef24e45ed35416d91"
    integrity sha512-C8vBJ8DwUCx19vhm7urhTuUsr4/IyP6l4VzNQDv+ryHQObW3TTTp9yB68WpYgRe2bbaGuZ/se74IqFeVnMnLZg==
    dependencies:
      ansi-regex "^2.0.0"
  
  iconv-lite@^0.4.5:
    version "0.4.24"
    resolved "https://registry.yarnpkg.com/iconv-lite/-/iconv-lite-0.4.24.tgz#2022b4b25fbddc21d2f524974a474aafe733908b"
    integrity sha512-v3MXnZAcvnywkTUEZomIActle7RXXeedOR31wwl7VlyoXO4Qi9arvSenNQWne1TcRwhCL1HwLI21bEqdpj8/rA==
    dependencies:
      safer-buffer ">= 2.1.2 < 3"
  
  inflight@^1.0.4:
    version "1.0.6"
    resolved "https://registry.yarnpkg.com/inflight/-/inflight-1.0.6.tgz#49bd6331d7d02d0c09bc910a1075ba8165b56df9"
    integrity sha512-k92I/b08q4wvFscXCLvqfsHCrjrF7yiXsQuIVvVE7N82W3+aqpzuUdBbfhWcy/FZR3/4IgflMgKLOsvPDrGCJA==
    dependencies:
      once "^1.3.0"
      wrappy "1"
  
  inherits@2:
    version "2.0.4"
    resolved "https://registry.yarnpkg.com/inherits/-/inherits-2.0.4.tgz#0fa2c64f932917c3433a0ded55363aae37416b7c"
    integrity sha512-k/vGaX4/Yla3WzyMCvTQOXYeIHvqOKtnqBduzTHpzpQZzAskKMhZ2K+EnBiSM9zGSoIFeMpXKxa4dYeZIQqewQ==
  
  is-finite@^1.0.0:
    version "1.1.0"
    resolved "https://registry.yarnpkg.com/is-finite/-/is-finite-1.1.0.tgz#904135c77fb42c0641d6aa1bcdbc4daa8da082f3"
    integrity sha512-cdyMtqX/BOqqNBBiKlIVkytNHm49MtMlYyn1zxzvJKWmFMlGzm+ry5BBfYyeY9YmNKbRSo/o7OX9w9ale0wg3w==
  
  is-integer@^1.0.4:
    version "1.0.7"
    resolved "https://registry.yarnpkg.com/is-integer/-/is-integer-1.0.7.tgz#6bde81aacddf78b659b6629d629cadc51a886d5c"
    integrity sha512-RPQc/s9yBHSvpi+hs9dYiJ2cuFeU6x3TyyIp8O2H6SKEltIvJOzRj9ToyvcStDvPR/pS4rxgr1oBFajQjZ2Szg==
    dependencies:
      is-finite "^1.0.0"
  
  js-tokens@1.0.0:
    version "1.0.0"
    resolved "https://registry.yarnpkg.com/js-tokens/-/js-tokens-1.0.0.tgz#278b2e6b68dfa4c8416af11370a55ea401bf4cde"
    integrity sha512-5CoKISU6nrMoXKNWUumMLSdO4N6GctX7Vfjlja801H14CxTeozlq0OC1tTJLCi6Nqjd3qXj7UAUzkgwH0+aezA==
  
  jsesc@~0.5.0:
    version "0.5.0"
    resolved "https://registry.yarnpkg.com/jsesc/-/jsesc-0.5.0.tgz#e7dee66e35d6fc16f710fe91d5cf69f70f08911d"
    integrity sha512-uZz5UnB7u4T9LvwmFqXii7pZSouaRPorGs5who1Ip7VO0wxanFvBL7GkM6dTHlgX+jhBApRetaWpnDabOeTcnA==
  
  left-pad@0.0.3:
    version "0.0.3"
    resolved "https://registry.yarnpkg.com/left-pad/-/left-pad-0.0.3.tgz#04d99b4a1eaf9e5f79c05e5d745d53edd1aa8aa1"
    integrity sha512-Qli5dSpAXQOSw1y/M+uBKT37rj6iZAQMz6Uy5/ZYGIhBLS/ODRHqL4XIDvSAtYpjfia0XKNztlPFa806TWw5Gw==
  
  leven@^1.0.1:
    version "1.0.2"
    resolved "https://registry.yarnpkg.com/leven/-/leven-1.0.2.tgz#9144b6eebca5f1d0680169f1a6770dcea60b75c3"
    integrity sha512-U3eIzC2mMAOMOuoJ25sA3eyraoBwndpQyYgBq5dyqrMTpvMg9l9X/ucFHxv622YcCg179WWqleoF7rSzfYrV+Q==
  
  line-numbers@0.2.0:
    version "0.2.0"
    resolved "https://registry.yarnpkg.com/line-numbers/-/line-numbers-0.2.0.tgz#6bc028149440e570d495ab509692aa08bd779c6e"
    integrity sha512-wC1rUVNh6LmK/imDbCvrfB4qLLUiMuLWvihs+twrERITLhc6aBMIb2+0TqL03sZLuKuO5aRoYTw5wcNCe0d7mw==
    dependencies:
      left-pad "0.0.3"
  
  lodash@^3.2.0:
    version "3.10.1"
    resolved "https://registry.yarnpkg.com/lodash/-/lodash-3.10.1.tgz#5bf45e8e49ba4189e17d482789dfd15bd140b7b6"
    integrity sha512-9mDDwqVIma6OZX79ZlDACZl8sBm0TEnkf99zV3iMA4GzkIT/9hiqP5mY0HoT1iNLCrKc/R1HByV+yJfRWVJryQ==
  
  "minimatch@2 || 3":
    version "3.1.2"
    resolved "https://registry.yarnpkg.com/minimatch/-/minimatch-3.1.2.tgz#19cd194bfd3e428f049a70817c038d89ab4be35b"
    integrity sha512-J7p63hRiAjw1NDEww1W7i37+ByIrOWO5XQQAzZ3VOcL0PNybwpfmV/N05zFAzwQ9USyEcX6t3UO+K5aqBQOIHw==
    dependencies:
      brace-expansion "^1.1.7"
  
  minimist@^1.1.0, minimist@^1.2.6:
    version "1.2.8"
    resolved "https://registry.yarnpkg.com/minimist/-/minimist-1.2.8.tgz#c1a464e7693302e082a075cee0c057741ac4772c"
    integrity sha512-2yyAR8qBkN3YuheJanUpWC5U3bb5osDywNB8RzDVlDwDHbocAJveqqj1u8+SVD7jkWT4yvsHCpWqqWqAxb0zCA==
  
  mkdirp@^0.5.0, mkdirp@^0.5.1:
    version "0.5.6"
    resolved "https://registry.yarnpkg.com/mkdirp/-/mkdirp-0.5.6.tgz#7def03d2432dcae4ba1d611445c48396062255f6"
    integrity sha512-FP+p8RB8OWpF3YZBCrP5gtADmtXApB5AMLn+vdyA+PyxCjrCs00mjyUozssO33cwDeT3wNGdLxJ5M//YqtHAJw==
    dependencies:
      minimist "^1.2.6"
  
  ms@2.0.0:
    version "2.0.0"
    resolved "https://registry.yarnpkg.com/ms/-/ms-2.0.0.tgz#5608aeadfc00be6c2901df5f9861788de0d597c8"
    integrity sha512-Tpp60P6IUJDTuOq/5Z8cdskzJujfwqfOTkrwIwj7IRISpnkJnT6SyJ4PCPnGMoFjC9ddhal5KVIYtAt97ix05A==
  
  object-assign@^4.1.0:
    version "4.1.1"
    resolved "https://registry.yarnpkg.com/object-assign/-/object-assign-4.1.1.tgz#2109adc7965887cfc05cbbd442cac8bfbb360863"
    integrity sha512-rJgTQnkUnH1sFw8yT6VSU3zD3sWmu6sZhIseY8VX+GRu3P6F7Fu+JNDoXfklElbLJSnc3FUQHVe4cU5hj+BcUg==
  
  once@^1.3.0:
    version "1.4.0"
    resolved "https://registry.yarnpkg.com/once/-/once-1.4.0.tgz#583b1aa775961d4b113ac17d9c50baef9dd76bd1"
    integrity sha512-lNaJgI+2Q5URQBkccEKHTQOPaXdUxnZZElQTZY0MFUAuaEqe1E+Nyvgdz/aIyNi6Z9MzO5dv1H8n58/GELp3+w==
    dependencies:
      wrappy "1"
  
  output-file-sync@^1.1.0:
    version "1.1.2"
    resolved "https://registry.yarnpkg.com/output-file-sync/-/output-file-sync-1.1.2.tgz#d0a33eefe61a205facb90092e826598d5245ce76"
    integrity sha512-uQLlclru4xpCi+tfs80l3QF24KL81X57ELNMy7W/dox+JTtxUf1bLyQ8968fFCmSqqbokjW0kn+WBIlO+rSkNg==
    dependencies:
      graceful-fs "^4.1.4"
      mkdirp "^0.5.1"
      object-assign "^4.1.0"
  
  path-is-absolute@^1.0.0:
    version "1.0.1"
    resolved "https://registry.yarnpkg.com/path-is-absolute/-/path-is-absolute-1.0.1.tgz#174b9268735534ffbc7ace6bf53a5a9e1b5c5f5f"
    integrity sha512-AVbw3UJ2e9bq64vSaS9Am0fje1Pa8pbGqTTsmXfaIiMpnr5DlDhfJOuLj9Sf95ZPVDAUerDfEk88MPmPe7UCQg==
  
  private@^0.1.6, private@~0.1.5:
    version "0.1.8"
    resolved "https://registry.yarnpkg.com/private/-/private-0.1.8.tgz#2381edb3689f7a53d653190060fcf822d2f368ff"
    integrity sha512-VvivMrbvd2nKkiG38qjULzlc+4Vx4wm/whI9pQD35YrARNnhxeiRktSOhSukRLFNlzg6Br/cJPet5J/u19r/mg==
  
  q@^1.1.2:
    version "1.5.1"
    resolved "https://registry.yarnpkg.com/q/-/q-1.5.1.tgz#7e32f75b41381291d04611f1bf14109ac00651d7"
    integrity sha512-kV/CThkXo6xyFEZUugw/+pIOywXcDbFYgSct5cT3gqlbkBE1SJdwy6UQoZvodiWF/ckQLZyDE/Bu1M6gVu5lVw==
  
  recast@^0.10.10:
    version "0.10.43"
    resolved "https://registry.yarnpkg.com/recast/-/recast-0.10.43.tgz#b95d50f6d60761a5f6252e15d80678168491ce7f"
    integrity sha512-GC1g4P336t8WOpzVGFOo83m14xQfHbVqe+eDus+4oubobkWb/kONwMWSG6+K3BUtBOoUdUU+GT9kmNCSOBv9+g==
    dependencies:
      ast-types "0.8.15"
      esprima-fb "~15001.1001.0-dev-harmony-fb"
      private "~0.1.5"
      source-map "~0.5.0"
  
  recast@^0.11.17:
    version "0.11.23"
    resolved "https://registry.yarnpkg.com/recast/-/recast-0.11.23.tgz#451fd3004ab1e4df9b4e4b66376b2a21912462d3"
    integrity sha512-+nixG+3NugceyR8O1bLU45qs84JgI3+8EauyRZafLgC9XbdAOIVgwV1Pe2da0YzGo62KzWoZwUpVEQf6qNAXWA==
    dependencies:
      ast-types "0.9.6"
      esprima "~3.1.0"
      private "~0.1.5"
      source-map "~0.5.0"
  
  regenerate@^1.2.1:
    version "1.4.2"
    resolved "https://registry.yarnpkg.com/regenerate/-/regenerate-1.4.2.tgz#b9346d8827e8f5a32f7ba29637d398b69014848a"
    integrity sha512-zrceR/XhGYU/d/opr2EKO7aRHUeiBI8qjtfHqADTwZd6Szfy16la6kqD0MIUs5z5hx6AaKa+PixpPrR289+I0A==
  
  regenerator-babel@0.8.13-2:
    version "0.8.13-2"
    resolved "https://registry.yarnpkg.com/regenerator-babel/-/regenerator-babel-0.8.13-2.tgz#1c075ff524208e935914191808d0798fd8fbc4e5"
    integrity sha512-p9bDgu0IMJgzXVzOl141aoME05C/z4h6miYY+8Sen7VJd5QMVfhOgik3AEL9rRB8xoXhU099tjnASwjOmEoyoQ==
    dependencies:
      ast-types "~0.7.0"
      commoner "~0.10.0"
      private "~0.1.5"
      through "~2.3.6"
  
  regexpu@^1.1.2:
    version "1.3.0"
    resolved "https://registry.yarnpkg.com/regexpu/-/regexpu-1.3.0.tgz#e534dc991a9e5846050c98de6d7dd4a55c9ea16d"
    integrity sha512-OqpQCTCcVM6k9IbzxLjNN6TRj3NV7qF4L8zUqsNoeAmmIZp8wH1tdZnn0vNXE2tGNU4ho0xTZWk3FmahOtyMRA==
    dependencies:
      esprima "^2.6.0"
      recast "^0.10.10"
      regenerate "^1.2.1"
      regjsgen "^0.2.0"
      regjsparser "^0.1.4"
  
  regjsgen@^0.2.0:
    version "0.2.0"
    resolved "https://registry.yarnpkg.com/regjsgen/-/regjsgen-0.2.0.tgz#6c016adeac554f75823fe37ac05b92d5a4edb1f7"
    integrity sha512-x+Y3yA24uF68m5GA+tBjbGYo64xXVJpbToBaWCoSNSc1hdk6dfctaRWrNFTVJZIIhL5GxW8zwjoixbnifnK59g==
  
  regjsparser@^0.1.4:
    version "0.1.5"
    resolved "https://registry.yarnpkg.com/regjsparser/-/regjsparser-0.1.5.tgz#7ee8f84dc6fa792d3fd0ae228d24bd949ead205c"
    integrity sha512-jlQ9gYLfk2p3V5Ag5fYhA7fv7OHzd1KUH0PRP46xc3TgwjwgROIW572AfYg/X9kaNq/LJnu6oJcFRXlIrGoTRw==
    dependencies:
      jsesc "~0.5.0"
  
  repeating@^1.1.0, repeating@^1.1.2:
    version "1.1.3"
    resolved "https://registry.yarnpkg.com/repeating/-/repeating-1.1.3.tgz#3d4114218877537494f97f77f9785fab810fa4ac"
    integrity sha512-Nh30JLeMHdoI+AsQ5eblhZ7YlTsM9wiJQe/AHIunlK3KWzvXhXb36IJ7K1IOeRjIOtzMjdUHjwXUFxKJoPTSOg==
    dependencies:
      is-finite "^1.0.0"
  
  "safer-buffer@>= 2.1.2 < 3":
    version "2.1.2"
    resolved "https://registry.yarnpkg.com/safer-buffer/-/safer-buffer-2.1.2.tgz#44fa161b0187b9549dd84bb91802f9bd8385cd6a"
    integrity sha512-YZo3K82SD7Riyi0E1EQPojLz7kpepnSQI9IyPbHHg1XXXevb5dJI7tpyN2ADxGcQbHG7vcyRHk0cbwqcQriUtg==
  
  shebang-regex@^1.0.0:
    version "1.0.0"
    resolved "https://registry.yarnpkg.com/shebang-regex/-/shebang-regex-1.0.0.tgz#da42f49740c0b42db2ca9728571cb190c98efea3"
    integrity sha512-wpoSFAxys6b2a2wHZ1XpDSgD7N9iVjg29Ph9uV/uaP9Ex/KXlkTZTeddxDPSYQpgvzKLGJke2UU0AzoGCjNIvQ==
  
  slash@^1.0.0:
    version "1.0.0"
    resolved "https://registry.yarnpkg.com/slash/-/slash-1.0.0.tgz#c41f2f6c39fc16d1cd17ad4b5d896114ae470d55"
    integrity sha512-3TYDR7xWt4dIqV2JauJr+EJeW356RXijHeUlO+8djJ+uBXPn8/2dpzBc8yQhh583sVvc9CvFAeQVgijsH+PNNg==
  
  source-map-support@^0.2.9:
    version "0.2.10"
    resolved "https://registry.yarnpkg.com/source-map-support/-/source-map-support-0.2.10.tgz#ea5a3900a1c1cb25096a0ae8cc5c2b4b10ded3dc"
    integrity sha512-gGKOSat73z0V8wBKo9AGxZZyekczBireh1hHktbt+kb9acsCB5OfVCF2DCWlztcQ3r5oNN7f2BL0B2xOcoJ/DQ==
    dependencies:
      source-map "0.1.32"
  
  source-map@0.1.32:
    version "0.1.32"
    resolved "https://registry.yarnpkg.com/source-map/-/source-map-0.1.32.tgz#c8b6c167797ba4740a8ea33252162ff08591b266"
    integrity sha512-htQyLrrRLkQ87Zfrir4/yN+vAUd6DNjVayEjTSHXu29AYQJw57I4/xEL/M6p6E/woPNJwvZt6rVlzc7gFEJccQ==
    dependencies:
      amdefine ">=0.0.4"
  
  source-map@^0.4.0:
    version "0.4.4"
    resolved "https://registry.yarnpkg.com/source-map/-/source-map-0.4.4.tgz#eba4f5da9c0dc999de68032d8b4f76173652036b"
    integrity sha512-Y8nIfcb1s/7DcobUz1yOO1GSp7gyL+D9zLHDehT7iRESqGSxjJ448Sg7rvfgsRJCnKLdSl11uGf0s9X80cH0/A==
    dependencies:
      amdefine ">=0.0.4"
  
  source-map@~0.5.0:
    version "0.5.7"
    resolved "https://registry.yarnpkg.com/source-map/-/source-map-0.5.7.tgz#8a039d2d1021d22d1ea14c80d8ea468ba2ef3fcc"
    integrity sha512-LbrmJOMUSdEVxIKvdcJzQC+nQhe8FUZQTXQy6+I75skNgn3OoQ0DZA8YnFa7gp8tqtL3KPf1kmo0R5DoApeSGQ==
  
  strip-ansi@^3.0.0:
    version "3.0.1"
    resolved "https://registry.yarnpkg.com/strip-ansi/-/strip-ansi-3.0.1.tgz#6a385fb8853d952d5ff05d0e8aaf94278dc63dcf"
    integrity sha512-VhumSSbBqDTP8p2ZLKj40UjBCV4+v8bUSEpUb4KjRgWk9pbqGF4REFj6KEagidb2f/M6AzC0EmFyDNGaw9OCzg==
    dependencies:
      ansi-regex "^2.0.0"
  
  supports-color@^2.0.0:
    version "2.0.0"
    resolved "https://registry.yarnpkg.com/supports-color/-/supports-color-2.0.0.tgz#535d045ce6b6363fa40117084629995e9df324c7"
    integrity sha512-KKNVtd6pCYgPIKU4cp2733HWYCpplQhddZLBUryaAHou723x+FRzQ5Df824Fj+IyyuiQTRoub4SnIFfIcrp70g==
  
  through@~2.3.6:
    version "2.3.8"
    resolved "https://registry.yarnpkg.com/through/-/through-2.3.8.tgz#0dd4c9ffaabc357960b1b724115d7e0e86a2e1f5"
    integrity sha512-w89qg7PI8wAdvX60bMDP+bFoD5Dvhm9oLheFp5O4a2QF0cSBGsBX4qZmadPMvVqlLJBBci+WqGGOAPvcDeNSVg==
  
  to-fast-properties@^1.0.0:
    version "1.0.3"
    resolved "https://registry.yarnpkg.com/to-fast-properties/-/to-fast-properties-1.0.3.tgz#b83571fa4d8c25b82e231b06e3a3055de4ca1a47"
    integrity sha512-lxrWP8ejsq+7E3nNjwYmUBMAgjMTZoTI+sdBOpvNyijeDLa29LUn9QaoXAHv4+Z578hbmHHJKZknzxVtvo77og==
  
  trim-right@^1.0.0:
    version "1.0.1"
    resolved "https://registry.yarnpkg.com/trim-right/-/trim-right-1.0.1.tgz#cb2e1203067e0c8de1f614094b9fe45704ea6003"
    integrity sha512-WZGXGstmCWgeevgTL54hrCuw1dyMQIzWy7ZfqRJfSmJZBwklI15egmQytFP6bPidmw3M8d5yEowl1niq4vmqZw==
  
  wrappy@1:
    version "1.0.2"
    resolved "https://registry.yarnpkg.com/wrappy/-/wrappy-1.0.2.tgz#b5243d8f3ec1aa35f1364605bc0d1036e30ab69f"
    integrity sha512-l4Sp/DRseor9wL6EvV2+TuQn63dMkPjZ/sp9XkghTEbV9KlPS1xUsZ3u7/IQO4wxtcFB4bgpQPRcR3QCvezPcQ==
